{"/Users/Ashish_P/Library/CloudStorage/OneDrive-McKinsey&Company/Documents/ToDos_2servers/ToDos_app/database/config/config.js": {"path":"/Users/Ashish_P/Library/CloudStorage/OneDrive-McKinsey&Company/Documents/ToDos_2servers/ToDos_app/database/config/config.js","statementMap":{"0":{"start":{"line":1,"column":0},"end":{"line":34,"column":2}}},"fnMap":{},"branchMap":{},"s":{"0":3},"f":{},"b":{},"_coverageSchema":"1a1c01bbd47fc00a2c39e90264f33305004495a9","hash":"b039ae03ec53ad9dd96caae8f958880c2c534e1f"}
,"/Users/Ashish_P/Library/CloudStorage/OneDrive-McKinsey&Company/Documents/ToDos_2servers/ToDos_app/database/models/index.js": {"path":"/Users/Ashish_P/Library/CloudStorage/OneDrive-McKinsey&Company/Documents/ToDos_2servers/ToDos_app/database/models/index.js","statementMap":{"0":{"start":{"line":3,"column":11},"end":{"line":3,"column":24}},"1":{"start":{"line":4,"column":13},"end":{"line":4,"column":28}},"2":{"start":{"line":5,"column":18},"end":{"line":5,"column":38}},"3":{"start":{"line":6,"column":16},"end":{"line":6,"column":34}},"4":{"start":{"line":7,"column":17},"end":{"line":7,"column":42}},"5":{"start":{"line":8,"column":12},"end":{"line":8,"column":49}},"6":{"start":{"line":9,"column":15},"end":{"line":9,"column":63}},"7":{"start":{"line":10,"column":11},"end":{"line":10,"column":13}},"8":{"start":{"line":13,"column":0},"end":{"line":17,"column":1}},"9":{"start":{"line":14,"column":2},"end":{"line":14,"column":74}},"10":{"start":{"line":16,"column":2},"end":{"line":16,"column":87}},"11":{"start":{"line":19,"column":0},"end":{"line":32,"column":5}},"12":{"start":{"line":22,"column":4},"end":{"line":27,"column":6}},"13":{"start":{"line":30,"column":18},"end":{"line":30,"column":85}},"14":{"start":{"line":31,"column":4},"end":{"line":31,"column":27}},"15":{"start":{"line":34,"column":0},"end":{"line":38,"column":3}},"16":{"start":{"line":35,"column":2},"end":{"line":37,"column":3}},"17":{"start":{"line":36,"column":4},"end":{"line":36,"column":32}},"18":{"start":{"line":40,"column":0},"end":{"line":40,"column":25}},"19":{"start":{"line":41,"column":0},"end":{"line":41,"column":25}},"20":{"start":{"line":43,"column":0},"end":{"line":43,"column":20}}},"fnMap":{"0":{"name":"(anonymous_0)","decl":{"start":{"line":21,"column":10},"end":{"line":21,"column":11}},"loc":{"start":{"line":21,"column":18},"end":{"line":28,"column":3}},"line":21},"1":{"name":"(anonymous_1)","decl":{"start":{"line":29,"column":11},"end":{"line":29,"column":12}},"loc":{"start":{"line":29,"column":19},"end":{"line":32,"column":3}},"line":29},"2":{"name":"(anonymous_2)","decl":{"start":{"line":34,"column":24},"end":{"line":34,"column":25}},"loc":{"start":{"line":34,"column":37},"end":{"line":38,"column":1}},"line":34}},"branchMap":{"0":{"loc":{"start":{"line":8,"column":12},"end":{"line":8,"column":49}},"type":"binary-expr","locations":[{"start":{"line":8,"column":12},"end":{"line":8,"column":32}},{"start":{"line":8,"column":36},"end":{"line":8,"column":49}}],"line":8},"1":{"loc":{"start":{"line":13,"column":0},"end":{"line":17,"column":1}},"type":"if","locations":[{"start":{"line":13,"column":0},"end":{"line":17,"column":1}},{"start":{"line":15,"column":7},"end":{"line":17,"column":1}}],"line":13},"2":{"loc":{"start":{"line":23,"column":6},"end":{"line":26,"column":37}},"type":"binary-expr","locations":[{"start":{"line":23,"column":6},"end":{"line":23,"column":29}},{"start":{"line":24,"column":6},"end":{"line":24,"column":23}},{"start":{"line":25,"column":6},"end":{"line":25,"column":30}},{"start":{"line":26,"column":6},"end":{"line":26,"column":37}}],"line":23},"3":{"loc":{"start":{"line":35,"column":2},"end":{"line":37,"column":3}},"type":"if","locations":[{"start":{"line":35,"column":2},"end":{"line":37,"column":3}},{"start":{},"end":{}}],"line":35}},"s":{"0":3,"1":3,"2":3,"3":3,"4":3,"5":3,"6":3,"7":3,"8":3,"9":0,"10":3,"11":3,"12":9,"13":6,"14":6,"15":3,"16":6,"17":6,"18":3,"19":3,"20":3},"f":{"0":9,"1":6,"2":6},"b":{"0":[3,0],"1":[0,3],"2":[9,9,6,6],"3":[6,0]},"_coverageSchema":"1a1c01bbd47fc00a2c39e90264f33305004495a9","hash":"f2635135c0a47a70aa0fdc2399a48c817890b736"}
,"/Users/Ashish_P/Library/CloudStorage/OneDrive-McKinsey&Company/Documents/ToDos_2servers/ToDos_app/database/models/lists.js": {"path":"/Users/Ashish_P/Library/CloudStorage/OneDrive-McKinsey&Company/Documents/ToDos_2servers/ToDos_app/database/models/lists.js","statementMap":{"0":{"start":{"line":4,"column":4},"end":{"line":4,"column":24}},"1":{"start":{"line":5,"column":0},"end":{"line":27,"column":2}},"2":{"start":{"line":14,"column":4},"end":{"line":16,"column":7}},"3":{"start":{"line":19,"column":2},"end":{"line":25,"column":5}},"4":{"start":{"line":26,"column":2},"end":{"line":26,"column":15}}},"fnMap":{"0":{"name":"(anonymous_0)","decl":{"start":{"line":5,"column":17},"end":{"line":5,"column":18}},"loc":{"start":{"line":5,"column":43},"end":{"line":27,"column":1}},"line":5},"1":{"name":"(anonymous_1)","decl":{"start":{"line":12,"column":4},"end":{"line":12,"column":5}},"loc":{"start":{"line":12,"column":29},"end":{"line":17,"column":5}},"line":12}},"branchMap":{},"s":{"0":3,"1":3,"2":3,"3":3,"4":3},"f":{"0":3,"1":3},"b":{},"_coverageSchema":"1a1c01bbd47fc00a2c39e90264f33305004495a9","hash":"5a12dcbe6550ef5a03015cd9a20390e973ee7023"}
,"/Users/Ashish_P/Library/CloudStorage/OneDrive-McKinsey&Company/Documents/ToDos_2servers/ToDos_app/database/models/tasks.js": {"path":"/Users/Ashish_P/Library/CloudStorage/OneDrive-McKinsey&Company/Documents/ToDos_2servers/ToDos_app/database/models/tasks.js","statementMap":{"0":{"start":{"line":4,"column":4},"end":{"line":4,"column":24}},"1":{"start":{"line":5,"column":0},"end":{"line":27,"column":2}},"2":{"start":{"line":14,"column":6},"end":{"line":16,"column":7}},"3":{"start":{"line":19,"column":2},"end":{"line":25,"column":5}},"4":{"start":{"line":26,"column":2},"end":{"line":26,"column":15}}},"fnMap":{"0":{"name":"(anonymous_0)","decl":{"start":{"line":5,"column":17},"end":{"line":5,"column":18}},"loc":{"start":{"line":5,"column":43},"end":{"line":27,"column":1}},"line":5},"1":{"name":"(anonymous_1)","decl":{"start":{"line":12,"column":4},"end":{"line":12,"column":5}},"loc":{"start":{"line":12,"column":29},"end":{"line":17,"column":5}},"line":12}},"branchMap":{},"s":{"0":3,"1":3,"2":3,"3":3,"4":3},"f":{"0":3,"1":3},"b":{},"_coverageSchema":"1a1c01bbd47fc00a2c39e90264f33305004495a9","hash":"ebaab167915d3ec14e6a02100cfc5076a55c98ce"}
,"/Users/Ashish_P/Library/CloudStorage/OneDrive-McKinsey&Company/Documents/ToDos_2servers/ToDos_app/src/controllers/lists.js": {"path":"/Users/Ashish_P/Library/CloudStorage/OneDrive-McKinsey&Company/Documents/ToDos_2servers/ToDos_app/src/controllers/lists.js","statementMap":{"0":{"start":{"line":1,"column":21},"end":{"line":1,"column":49}},"1":{"start":{"line":2,"column":22},"end":{"line":2,"column":51}},"2":{"start":{"line":4,"column":20},"end":{"line":14,"column":1}},"3":{"start":{"line":5,"column":4},"end":{"line":13,"column":5}},"4":{"start":{"line":6,"column":22},"end":{"line":6,"column":54}},"5":{"start":{"line":7,"column":8},"end":{"line":7,"column":27}},"6":{"start":{"line":8,"column":8},"end":{"line":8,"column":36}},"7":{"start":{"line":11,"column":8},"end":{"line":11,"column":103}},"8":{"start":{"line":11,"column":38},"end":{"line":11,"column":103}},"9":{"start":{"line":12,"column":8},"end":{"line":12,"column":55}},"10":{"start":{"line":16,"column":19},"end":{"line":25,"column":1}},"11":{"start":{"line":17,"column":4},"end":{"line":24,"column":5}},"12":{"start":{"line":18,"column":21},"end":{"line":18,"column":60}},"13":{"start":{"line":19,"column":8},"end":{"line":19,"column":35}},"14":{"start":{"line":22,"column":8},"end":{"line":22,"column":103}},"15":{"start":{"line":22,"column":38},"end":{"line":22,"column":103}},"16":{"start":{"line":23,"column":8},"end":{"line":23,"column":55}},"17":{"start":{"line":27,"column":20},"end":{"line":36,"column":1}},"18":{"start":{"line":28,"column":4},"end":{"line":35,"column":5}},"19":{"start":{"line":29,"column":21},"end":{"line":29,"column":70}},"20":{"start":{"line":30,"column":8},"end":{"line":30,"column":35}},"21":{"start":{"line":33,"column":8},"end":{"line":33,"column":103}},"22":{"start":{"line":33,"column":38},"end":{"line":33,"column":103}},"23":{"start":{"line":34,"column":8},"end":{"line":34,"column":55}},"24":{"start":{"line":38,"column":19},"end":{"line":47,"column":1}},"25":{"start":{"line":39,"column":4},"end":{"line":46,"column":5}},"26":{"start":{"line":40,"column":21},"end":{"line":40,"column":79}},"27":{"start":{"line":41,"column":8},"end":{"line":41,"column":35}},"28":{"start":{"line":44,"column":8},"end":{"line":44,"column":103}},"29":{"start":{"line":44,"column":38},"end":{"line":44,"column":103}},"30":{"start":{"line":45,"column":8},"end":{"line":45,"column":55}},"31":{"start":{"line":49,"column":19},"end":{"line":58,"column":1}},"32":{"start":{"line":50,"column":4},"end":{"line":57,"column":5}},"33":{"start":{"line":51,"column":8},"end":{"line":51,"column":57}},"34":{"start":{"line":52,"column":8},"end":{"line":52,"column":31}},"35":{"start":{"line":55,"column":8},"end":{"line":55,"column":103}},"36":{"start":{"line":55,"column":38},"end":{"line":55,"column":103}},"37":{"start":{"line":56,"column":8},"end":{"line":56,"column":55}},"38":{"start":{"line":60,"column":0},"end":{"line":60,"column":82}}},"fnMap":{"0":{"name":"(anonymous_0)","decl":{"start":{"line":4,"column":20},"end":{"line":4,"column":21}},"loc":{"start":{"line":4,"column":40},"end":{"line":14,"column":1}},"line":4},"1":{"name":"(anonymous_1)","decl":{"start":{"line":16,"column":19},"end":{"line":16,"column":20}},"loc":{"start":{"line":16,"column":39},"end":{"line":25,"column":1}},"line":16},"2":{"name":"(anonymous_2)","decl":{"start":{"line":27,"column":20},"end":{"line":27,"column":21}},"loc":{"start":{"line":27,"column":40},"end":{"line":36,"column":1}},"line":27},"3":{"name":"(anonymous_3)","decl":{"start":{"line":38,"column":19},"end":{"line":38,"column":20}},"loc":{"start":{"line":38,"column":39},"end":{"line":47,"column":1}},"line":38},"4":{"name":"(anonymous_4)","decl":{"start":{"line":49,"column":19},"end":{"line":49,"column":20}},"loc":{"start":{"line":49,"column":39},"end":{"line":58,"column":1}},"line":49}},"branchMap":{"0":{"loc":{"start":{"line":11,"column":8},"end":{"line":11,"column":103}},"type":"if","locations":[{"start":{"line":11,"column":8},"end":{"line":11,"column":103}},{"start":{},"end":{}}],"line":11},"1":{"loc":{"start":{"line":22,"column":8},"end":{"line":22,"column":103}},"type":"if","locations":[{"start":{"line":22,"column":8},"end":{"line":22,"column":103}},{"start":{},"end":{}}],"line":22},"2":{"loc":{"start":{"line":33,"column":8},"end":{"line":33,"column":103}},"type":"if","locations":[{"start":{"line":33,"column":8},"end":{"line":33,"column":103}},{"start":{},"end":{}}],"line":33},"3":{"loc":{"start":{"line":44,"column":8},"end":{"line":44,"column":103}},"type":"if","locations":[{"start":{"line":44,"column":8},"end":{"line":44,"column":103}},{"start":{},"end":{}}],"line":44},"4":{"loc":{"start":{"line":55,"column":8},"end":{"line":55,"column":103}},"type":"if","locations":[{"start":{"line":55,"column":8},"end":{"line":55,"column":103}},{"start":{},"end":{}}],"line":55}},"s":{"0":1,"1":1,"2":1,"3":3,"4":3,"5":1,"6":1,"7":2,"8":1,"9":1,"10":1,"11":3,"12":3,"13":1,"14":2,"15":1,"16":1,"17":1,"18":3,"19":3,"20":1,"21":2,"22":1,"23":1,"24":1,"25":3,"26":3,"27":1,"28":2,"29":1,"30":1,"31":1,"32":3,"33":3,"34":1,"35":2,"36":1,"37":1,"38":1},"f":{"0":3,"1":3,"2":3,"3":3,"4":3},"b":{"0":[1,1],"1":[1,1],"2":[1,1],"3":[1,1],"4":[1,1]},"_coverageSchema":"1a1c01bbd47fc00a2c39e90264f33305004495a9","hash":"b9912b117ed58a6293d984a48b68dbd097f9e7aa"}
,"/Users/Ashish_P/Library/CloudStorage/OneDrive-McKinsey&Company/Documents/ToDos_2servers/ToDos_app/src/controllers/tasks.js": {"path":"/Users/Ashish_P/Library/CloudStorage/OneDrive-McKinsey&Company/Documents/ToDos_2servers/ToDos_app/src/controllers/tasks.js","statementMap":{"0":{"start":{"line":1,"column":21},"end":{"line":1,"column":49}},"1":{"start":{"line":2,"column":22},"end":{"line":2,"column":51}},"2":{"start":{"line":4,"column":20},"end":{"line":20,"column":1}},"3":{"start":{"line":5,"column":4},"end":{"line":19,"column":5}},"4":{"start":{"line":6,"column":23},"end":{"line":6,"column":40}},"5":{"start":{"line":7,"column":22},"end":{"line":7,"column":60}},"6":{"start":{"line":8,"column":8},"end":{"line":8,"column":24}},"7":{"start":{"line":9,"column":8},"end":{"line":9,"column":24}},"8":{"start":{"line":12,"column":8},"end":{"line":17,"column":9}},"9":{"start":{"line":13,"column":12},"end":{"line":13,"column":66}},"10":{"start":{"line":16,"column":12},"end":{"line":16,"column":55}},"11":{"start":{"line":21,"column":19},"end":{"line":36,"column":1}},"12":{"start":{"line":22,"column":4},"end":{"line":35,"column":5}},"13":{"start":{"line":23,"column":21},"end":{"line":23,"column":29}},"14":{"start":{"line":24,"column":23},"end":{"line":24,"column":40}},"15":{"start":{"line":25,"column":28},"end":{"line":25,"column":71}},"16":{"start":{"line":26,"column":8},"end":{"line":26,"column":42}},"17":{"start":{"line":29,"column":8},"end":{"line":34,"column":9}},"18":{"start":{"line":30,"column":12},"end":{"line":30,"column":66}},"19":{"start":{"line":33,"column":12},"end":{"line":33,"column":55}},"20":{"start":{"line":37,"column":28},"end":{"line":52,"column":1}},"21":{"start":{"line":38,"column":4},"end":{"line":50,"column":5}},"22":{"start":{"line":39,"column":8},"end":{"line":39,"column":66}},"23":{"start":{"line":40,"column":8},"end":{"line":40,"column":66}},"24":{"start":{"line":43,"column":8},"end":{"line":48,"column":9}},"25":{"start":{"line":44,"column":12},"end":{"line":44,"column":66}},"26":{"start":{"line":47,"column":12},"end":{"line":47,"column":55}},"27":{"start":{"line":54,"column":20},"end":{"line":70,"column":1}},"28":{"start":{"line":55,"column":15},"end":{"line":55,"column":32}},"29":{"start":{"line":56,"column":4},"end":{"line":69,"column":5}},"30":{"start":{"line":57,"column":23},"end":{"line":57,"column":57}},"31":{"start":{"line":58,"column":8},"end":{"line":58,"column":37}},"32":{"start":{"line":62,"column":8},"end":{"line":67,"column":9}},"33":{"start":{"line":63,"column":12},"end":{"line":63,"column":66}},"34":{"start":{"line":66,"column":12},"end":{"line":66,"column":55}},"35":{"start":{"line":71,"column":19},"end":{"line":85,"column":1}},"36":{"start":{"line":72,"column":15},"end":{"line":72,"column":32}},"37":{"start":{"line":73,"column":4},"end":{"line":84,"column":5}},"38":{"start":{"line":74,"column":28},"end":{"line":74,"column":71}},"39":{"start":{"line":75,"column":8},"end":{"line":75,"column":42}},"40":{"start":{"line":78,"column":8},"end":{"line":83,"column":9}},"41":{"start":{"line":79,"column":12},"end":{"line":79,"column":66}},"42":{"start":{"line":82,"column":12},"end":{"line":82,"column":66}},"43":{"start":{"line":86,"column":0},"end":{"line":86,"column":91}}},"fnMap":{"0":{"name":"(anonymous_0)","decl":{"start":{"line":4,"column":20},"end":{"line":4,"column":21}},"loc":{"start":{"line":4,"column":40},"end":{"line":20,"column":1}},"line":4},"1":{"name":"(anonymous_1)","decl":{"start":{"line":21,"column":19},"end":{"line":21,"column":20}},"loc":{"start":{"line":21,"column":39},"end":{"line":36,"column":1}},"line":21},"2":{"name":"(anonymous_2)","decl":{"start":{"line":37,"column":28},"end":{"line":37,"column":29}},"loc":{"start":{"line":37,"column":48},"end":{"line":52,"column":1}},"line":37},"3":{"name":"(anonymous_3)","decl":{"start":{"line":54,"column":20},"end":{"line":54,"column":21}},"loc":{"start":{"line":54,"column":40},"end":{"line":70,"column":1}},"line":54},"4":{"name":"(anonymous_4)","decl":{"start":{"line":71,"column":19},"end":{"line":71,"column":20}},"loc":{"start":{"line":71,"column":39},"end":{"line":85,"column":1}},"line":71}},"branchMap":{"0":{"loc":{"start":{"line":12,"column":8},"end":{"line":17,"column":9}},"type":"if","locations":[{"start":{"line":12,"column":8},"end":{"line":17,"column":9}},{"start":{"line":15,"column":13},"end":{"line":17,"column":9}}],"line":12},"1":{"loc":{"start":{"line":29,"column":8},"end":{"line":34,"column":9}},"type":"if","locations":[{"start":{"line":29,"column":8},"end":{"line":34,"column":9}},{"start":{"line":32,"column":13},"end":{"line":34,"column":9}}],"line":29},"2":{"loc":{"start":{"line":43,"column":8},"end":{"line":48,"column":9}},"type":"if","locations":[{"start":{"line":43,"column":8},"end":{"line":48,"column":9}},{"start":{"line":46,"column":13},"end":{"line":48,"column":9}}],"line":43},"3":{"loc":{"start":{"line":62,"column":8},"end":{"line":67,"column":9}},"type":"if","locations":[{"start":{"line":62,"column":8},"end":{"line":67,"column":9}},{"start":{"line":65,"column":13},"end":{"line":67,"column":9}}],"line":62},"4":{"loc":{"start":{"line":78,"column":8},"end":{"line":83,"column":9}},"type":"if","locations":[{"start":{"line":78,"column":8},"end":{"line":83,"column":9}},{"start":{"line":81,"column":13},"end":{"line":83,"column":9}}],"line":78}},"s":{"0":1,"1":1,"2":1,"3":3,"4":3,"5":3,"6":1,"7":1,"8":2,"9":1,"10":1,"11":1,"12":3,"13":3,"14":3,"15":3,"16":1,"17":2,"18":1,"19":1,"20":1,"21":3,"22":3,"23":1,"24":2,"25":1,"26":1,"27":1,"28":3,"29":3,"30":3,"31":1,"32":2,"33":1,"34":1,"35":1,"36":3,"37":3,"38":3,"39":1,"40":2,"41":1,"42":1,"43":1},"f":{"0":3,"1":3,"2":3,"3":3,"4":3},"b":{"0":[1,1],"1":[1,1],"2":[1,1],"3":[1,1],"4":[1,1]},"_coverageSchema":"1a1c01bbd47fc00a2c39e90264f33305004495a9","hash":"995710df7dc55e4582413a2d570788dcf1c26056"}
,"/Users/Ashish_P/Library/CloudStorage/OneDrive-McKinsey&Company/Documents/ToDos_2servers/ToDos_app/src/services/lists.js": {"path":"/Users/Ashish_P/Library/CloudStorage/OneDrive-McKinsey&Company/Documents/ToDos_2servers/ToDos_app/src/services/lists.js","statementMap":{"0":{"start":{"line":1,"column":18},"end":{"line":1,"column":50}},"1":{"start":{"line":2,"column":18},"end":{"line":2,"column":50}},"2":{"start":{"line":3,"column":22},"end":{"line":3,"column":51}},"3":{"start":{"line":5,"column":20},"end":{"line":9,"column":1}},"4":{"start":{"line":6,"column":18},"end":{"line":7,"column":6}},"5":{"start":{"line":8,"column":4},"end":{"line":8,"column":17}},"6":{"start":{"line":11,"column":19},"end":{"line":15,"column":1}},"7":{"start":{"line":12,"column":4},"end":{"line":12,"column":30}},"8":{"start":{"line":13,"column":17},"end":{"line":13,"column":41}},"9":{"start":{"line":14,"column":4},"end":{"line":14,"column":16}},"10":{"start":{"line":17,"column":20},"end":{"line":28,"column":1}},"11":{"start":{"line":18,"column":17},"end":{"line":23,"column":6}},"12":{"start":{"line":24,"column":4},"end":{"line":26,"column":5}},"13":{"start":{"line":25,"column":8},"end":{"line":25,"column":51}},"14":{"start":{"line":27,"column":4},"end":{"line":27,"column":16}},"15":{"start":{"line":30,"column":19},"end":{"line":41,"column":1}},"16":{"start":{"line":31,"column":19},"end":{"line":35,"column":6}},"17":{"start":{"line":36,"column":25},"end":{"line":36,"column":34}},"18":{"start":{"line":37,"column":4},"end":{"line":39,"column":5}},"19":{"start":{"line":38,"column":8},"end":{"line":38,"column":51}},"20":{"start":{"line":40,"column":4},"end":{"line":40,"column":18}},"21":{"start":{"line":43,"column":19},"end":{"line":49,"column":1}},"22":{"start":{"line":44,"column":4},"end":{"line":48,"column":7}},"23":{"start":{"line":51,"column":0},"end":{"line":51,"column":82}}},"fnMap":{"0":{"name":"(anonymous_0)","decl":{"start":{"line":5,"column":20},"end":{"line":5,"column":21}},"loc":{"start":{"line":5,"column":32},"end":{"line":9,"column":1}},"line":5},"1":{"name":"(anonymous_1)","decl":{"start":{"line":11,"column":19},"end":{"line":11,"column":20}},"loc":{"start":{"line":11,"column":35},"end":{"line":15,"column":1}},"line":11},"2":{"name":"(anonymous_2)","decl":{"start":{"line":17,"column":20},"end":{"line":17,"column":21}},"loc":{"start":{"line":17,"column":34},"end":{"line":28,"column":1}},"line":17},"3":{"name":"(anonymous_3)","decl":{"start":{"line":30,"column":19},"end":{"line":30,"column":20}},"loc":{"start":{"line":30,"column":39},"end":{"line":41,"column":1}},"line":30},"4":{"name":"(anonymous_4)","decl":{"start":{"line":43,"column":19},"end":{"line":43,"column":20}},"loc":{"start":{"line":43,"column":33},"end":{"line":49,"column":1}},"line":43}},"branchMap":{"0":{"loc":{"start":{"line":24,"column":4},"end":{"line":26,"column":5}},"type":"if","locations":[{"start":{"line":24,"column":4},"end":{"line":26,"column":5}},{"start":{},"end":{}}],"line":24},"1":{"loc":{"start":{"line":37,"column":4},"end":{"line":39,"column":5}},"type":"if","locations":[{"start":{"line":37,"column":4},"end":{"line":39,"column":5}},{"start":{},"end":{}}],"line":37}},"s":{"0":2,"1":2,"2":2,"3":2,"4":1,"5":1,"6":2,"7":1,"8":1,"9":1,"10":2,"11":2,"12":2,"13":1,"14":1,"15":2,"16":2,"17":2,"18":2,"19":1,"20":1,"21":2,"22":1,"23":2},"f":{"0":1,"1":1,"2":2,"3":2,"4":1},"b":{"0":[1,1],"1":[1,1]},"_coverageSchema":"1a1c01bbd47fc00a2c39e90264f33305004495a9","hash":"43812e4208296d63e47a057ac2fc2893bd50a194"}
,"/Users/Ashish_P/Library/CloudStorage/OneDrive-McKinsey&Company/Documents/ToDos_2servers/ToDos_app/src/services/tasks.js": {"path":"/Users/Ashish_P/Library/CloudStorage/OneDrive-McKinsey&Company/Documents/ToDos_2servers/ToDos_app/src/services/tasks.js","statementMap":{"0":{"start":{"line":1,"column":15},"end":{"line":1,"column":47}},"1":{"start":{"line":2,"column":16},"end":{"line":2,"column":48}},"2":{"start":{"line":3,"column":20},"end":{"line":3,"column":49}},"3":{"start":{"line":5,"column":20},"end":{"line":12,"column":1}},"4":{"start":{"line":6,"column":17},"end":{"line":10,"column":6}},"5":{"start":{"line":11,"column":4},"end":{"line":11,"column":27}},"6":{"start":{"line":14,"column":19},"end":{"line":24,"column":1}},"7":{"start":{"line":15,"column":17},"end":{"line":19,"column":6}},"8":{"start":{"line":20,"column":4},"end":{"line":20,"column":31}},"9":{"start":{"line":21,"column":17},"end":{"line":21,"column":41}},"10":{"start":{"line":22,"column":4},"end":{"line":22,"column":29}},"11":{"start":{"line":23,"column":4},"end":{"line":23,"column":16}},"12":{"start":{"line":25,"column":28},"end":{"line":32,"column":1}},"13":{"start":{"line":26,"column":4},"end":{"line":31,"column":7}},"14":{"start":{"line":33,"column":20},"end":{"line":43,"column":1}},"15":{"start":{"line":34,"column":17},"end":{"line":38,"column":6}},"16":{"start":{"line":39,"column":4},"end":{"line":41,"column":5}},"17":{"start":{"line":40,"column":8},"end":{"line":40,"column":50}},"18":{"start":{"line":42,"column":4},"end":{"line":42,"column":16}},"19":{"start":{"line":44,"column":19},"end":{"line":55,"column":1}},"20":{"start":{"line":45,"column":19},"end":{"line":49,"column":6}},"21":{"start":{"line":50,"column":25},"end":{"line":50,"column":34}},"22":{"start":{"line":51,"column":4},"end":{"line":53,"column":5}},"23":{"start":{"line":52,"column":8},"end":{"line":52,"column":50}},"24":{"start":{"line":54,"column":4},"end":{"line":54,"column":18}},"25":{"start":{"line":56,"column":0},"end":{"line":56,"column":89}}},"fnMap":{"0":{"name":"(anonymous_0)","decl":{"start":{"line":5,"column":20},"end":{"line":5,"column":21}},"loc":{"start":{"line":5,"column":38},"end":{"line":12,"column":1}},"line":5},"1":{"name":"(anonymous_1)","decl":{"start":{"line":14,"column":19},"end":{"line":14,"column":20}},"loc":{"start":{"line":14,"column":43},"end":{"line":24,"column":1}},"line":14},"2":{"name":"(anonymous_2)","decl":{"start":{"line":25,"column":28},"end":{"line":25,"column":29}},"loc":{"start":{"line":25,"column":46},"end":{"line":32,"column":1}},"line":25},"3":{"name":"(anonymous_3)","decl":{"start":{"line":33,"column":20},"end":{"line":33,"column":21}},"loc":{"start":{"line":33,"column":34},"end":{"line":43,"column":1}},"line":33},"4":{"name":"(anonymous_4)","decl":{"start":{"line":44,"column":19},"end":{"line":44,"column":20}},"loc":{"start":{"line":44,"column":39},"end":{"line":55,"column":1}},"line":44}},"branchMap":{"0":{"loc":{"start":{"line":39,"column":4},"end":{"line":41,"column":5}},"type":"if","locations":[{"start":{"line":39,"column":4},"end":{"line":41,"column":5}},{"start":{},"end":{}}],"line":39},"1":{"loc":{"start":{"line":51,"column":4},"end":{"line":53,"column":5}},"type":"if","locations":[{"start":{"line":51,"column":4},"end":{"line":53,"column":5}},{"start":{},"end":{}}],"line":51}},"s":{"0":1,"1":1,"2":1,"3":1,"4":0,"5":0,"6":1,"7":0,"8":0,"9":0,"10":0,"11":0,"12":1,"13":0,"14":1,"15":0,"16":0,"17":0,"18":0,"19":1,"20":0,"21":0,"22":0,"23":0,"24":0,"25":1},"f":{"0":0,"1":0,"2":0,"3":0,"4":0},"b":{"0":[0,0],"1":[0,0]},"_coverageSchema":"1a1c01bbd47fc00a2c39e90264f33305004495a9","hash":"860b9d9d30f3060e2091d5ce602b22fe55ae4f7c"}
,"/Users/Ashish_P/Library/CloudStorage/OneDrive-McKinsey&Company/Documents/ToDos_2servers/ToDos_app/src/utils/errors.js": {"path":"/Users/Ashish_P/Library/CloudStorage/OneDrive-McKinsey&Company/Documents/ToDos_2servers/ToDos_app/src/utils/errors.js","statementMap":{"0":{"start":{"line":3,"column":8},"end":{"line":3,"column":23}},"1":{"start":{"line":4,"column":8},"end":{"line":4,"column":31}},"2":{"start":{"line":5,"column":8},"end":{"line":5,"column":37}},"3":{"start":{"line":9,"column":0},"end":{"line":11,"column":2}}},"fnMap":{"0":{"name":"(anonymous_0)","decl":{"start":{"line":2,"column":4},"end":{"line":2,"column":5}},"loc":{"start":{"line":2,"column":36},"end":{"line":6,"column":5}},"line":2}},"branchMap":{},"s":{"0":12,"1":12,"2":12,"3":3},"f":{"0":12},"b":{},"_coverageSchema":"1a1c01bbd47fc00a2c39e90264f33305004495a9","hash":"689c198430daf64baf9511365689c864d561f995"}
}
