TN:
SF:database/config/config.js
FNF:0
FNH:0
DA:1,3
LF:1
LH:1
BRF:0
BRH:0
end_of_record
TN:
SF:database/models/index.js
FN:21,(anonymous_0)
FN:29,(anonymous_1)
FN:34,(anonymous_2)
FNF:3
FNH:3
FNDA:9,(anonymous_0)
FNDA:6,(anonymous_1)
FNDA:6,(anonymous_2)
DA:3,3
DA:4,3
DA:5,3
DA:6,3
DA:7,3
DA:8,3
DA:9,3
DA:10,3
DA:13,3
DA:14,0
DA:16,3
DA:19,3
DA:22,9
DA:30,6
DA:31,6
DA:34,3
DA:35,6
DA:36,6
DA:40,3
DA:41,3
DA:43,3
LF:21
LH:20
BRDA:8,0,0,3
BRDA:8,0,1,0
BRDA:13,1,0,0
BRDA:13,1,1,3
BRDA:23,2,0,9
BRDA:23,2,1,9
BRDA:23,2,2,6
BRDA:23,2,3,6
BRDA:35,3,0,6
BRDA:35,3,1,0
BRF:10
BRH:7
end_of_record
TN:
SF:database/models/lists.js
FN:5,(anonymous_0)
FN:12,(anonymous_1)
FNF:2
FNH:2
FNDA:3,(anonymous_0)
FNDA:3,(anonymous_1)
DA:4,3
DA:5,3
DA:14,3
DA:19,3
DA:26,3
LF:5
LH:5
BRF:0
BRH:0
end_of_record
TN:
SF:database/models/tasks.js
FN:5,(anonymous_0)
FN:12,(anonymous_1)
FNF:2
FNH:2
FNDA:3,(anonymous_0)
FNDA:3,(anonymous_1)
DA:4,3
DA:5,3
DA:14,3
DA:19,3
DA:26,3
LF:5
LH:5
BRF:0
BRH:0
end_of_record
TN:
SF:src/controllers/lists.js
FN:4,(anonymous_0)
FN:16,(anonymous_1)
FN:27,(anonymous_2)
FN:38,(anonymous_3)
FN:49,(anonymous_4)
FNF:5
FNH:5
FNDA:3,(anonymous_0)
FNDA:3,(anonymous_1)
FNDA:3,(anonymous_2)
FNDA:3,(anonymous_3)
FNDA:3,(anonymous_4)
DA:1,1
DA:2,1
DA:4,1
DA:5,3
DA:6,3
DA:7,1
DA:8,1
DA:11,2
DA:12,1
DA:16,1
DA:17,3
DA:18,3
DA:19,1
DA:22,2
DA:23,1
DA:27,1
DA:28,3
DA:29,3
DA:30,1
DA:33,2
DA:34,1
DA:38,1
DA:39,3
DA:40,3
DA:41,1
DA:44,2
DA:45,1
DA:49,1
DA:50,3
DA:51,3
DA:52,1
DA:55,2
DA:56,1
DA:60,1
LF:34
LH:34
BRDA:11,0,0,1
BRDA:11,0,1,1
BRDA:22,1,0,1
BRDA:22,1,1,1
BRDA:33,2,0,1
BRDA:33,2,1,1
BRDA:44,3,0,1
BRDA:44,3,1,1
BRDA:55,4,0,1
BRDA:55,4,1,1
BRF:10
BRH:10
end_of_record
TN:
SF:src/controllers/tasks.js
FN:4,(anonymous_0)
FN:21,(anonymous_1)
FN:37,(anonymous_2)
FN:54,(anonymous_3)
FN:71,(anonymous_4)
FNF:5
FNH:5
FNDA:3,(anonymous_0)
FNDA:3,(anonymous_1)
FNDA:3,(anonymous_2)
FNDA:3,(anonymous_3)
FNDA:3,(anonymous_4)
DA:1,1
DA:2,1
DA:4,1
DA:5,3
DA:6,3
DA:7,3
DA:8,1
DA:9,1
DA:12,2
DA:13,1
DA:16,1
DA:21,1
DA:22,3
DA:23,3
DA:24,3
DA:25,3
DA:26,1
DA:29,2
DA:30,1
DA:33,1
DA:37,1
DA:38,3
DA:39,3
DA:40,1
DA:43,2
DA:44,1
DA:47,1
DA:54,1
DA:55,3
DA:56,3
DA:57,3
DA:58,1
DA:62,2
DA:63,1
DA:66,1
DA:71,1
DA:72,3
DA:73,3
DA:74,3
DA:75,1
DA:78,2
DA:79,1
DA:82,1
DA:86,1
LF:44
LH:44
BRDA:12,0,0,1
BRDA:12,0,1,1
BRDA:29,1,0,1
BRDA:29,1,1,1
BRDA:43,2,0,1
BRDA:43,2,1,1
BRDA:62,3,0,1
BRDA:62,3,1,1
BRDA:78,4,0,1
BRDA:78,4,1,1
BRF:10
BRH:10
end_of_record
TN:
SF:src/services/lists.js
FN:5,(anonymous_0)
FN:11,(anonymous_1)
FN:17,(anonymous_2)
FN:30,(anonymous_3)
FN:43,(anonymous_4)
FNF:5
FNH:5
FNDA:1,(anonymous_0)
FNDA:1,(anonymous_1)
FNDA:2,(anonymous_2)
FNDA:2,(anonymous_3)
FNDA:1,(anonymous_4)
DA:1,2
DA:2,2
DA:3,2
DA:5,2
DA:6,1
DA:8,1
DA:11,2
DA:12,1
DA:13,1
DA:14,1
DA:17,2
DA:18,2
DA:24,2
DA:25,1
DA:27,1
DA:30,2
DA:31,2
DA:36,2
DA:37,2
DA:38,1
DA:40,1
DA:43,2
DA:44,1
DA:51,2
LF:24
LH:24
BRDA:24,0,0,1
BRDA:24,0,1,1
BRDA:37,1,0,1
BRDA:37,1,1,1
BRF:4
BRH:4
end_of_record
TN:
SF:src/services/tasks.js
FN:5,(anonymous_0)
FN:14,(anonymous_1)
FN:25,(anonymous_2)
FN:33,(anonymous_3)
FN:44,(anonymous_4)
FNF:5
FNH:0
FNDA:0,(anonymous_0)
FNDA:0,(anonymous_1)
FNDA:0,(anonymous_2)
FNDA:0,(anonymous_3)
FNDA:0,(anonymous_4)
DA:1,1
DA:2,1
DA:3,1
DA:5,1
DA:6,0
DA:11,0
DA:14,1
DA:15,0
DA:20,0
DA:21,0
DA:22,0
DA:23,0
DA:25,1
DA:26,0
DA:33,1
DA:34,0
DA:39,0
DA:40,0
DA:42,0
DA:44,1
DA:45,0
DA:50,0
DA:51,0
DA:52,0
DA:54,0
DA:56,1
LF:26
LH:9
BRDA:39,0,0,0
BRDA:39,0,1,0
BRDA:51,1,0,0
BRDA:51,1,1,0
BRF:4
BRH:0
end_of_record
TN:
SF:src/utils/errors.js
FN:2,(anonymous_0)
FNF:1
FNH:1
FNDA:12,(anonymous_0)
DA:3,12
DA:4,12
DA:5,12
DA:9,3
LF:4
LH:4
BRF:0
BRH:0
end_of_record
